<?xml version="1.0" encoding="UTF-8"?>
<!-- Generated by org.testng.reporters.JUnitReportReporter -->
<testsuite hostname="DESKTOP-6ED9IH0" failures="0" tests="2" name="testingtestngwithmaven.salary" time="0.029" errors="0" timestamp="14 Mar 2021 17:55:38 GMT" skipped="0">
  <testcase classname="testingtestngwithmaven.salary" name="managerSalary" time="0.003"/>
  <testcase classname="testingtestngwithmaven.salary" name="employeeSalary" time="0.026"/>
</testsuite> <!-- testingtestngwithmaven.salary -->
