<?xml version="1.0" encoding="UTF-8"?>
<!-- Generated by org.testng.reporters.JUnitReportReporter -->
<testsuite hostname="DESKTOP-6ED9IH0" failures="0" tests="2" name="testingtestngwithmaven.profiles" time="0.007" errors="0" timestamp="14 Mar 2021 17:55:38 GMT" skipped="0">
  <testcase classname="testingtestngwithmaven.profiles" name="managerProfile" time="0.002"/>
  <testcase classname="testingtestngwithmaven.profiles" name="employeeProfile" time="0.005"/>
</testsuite> <!-- testingtestngwithmaven.profiles -->
