<?xml version="1.0" encoding="UTF-8"?>
<!-- Generated by org.testng.reporters.JUnitReportReporter -->
<testsuite hostname="DESKTOP-6ED9IH0" failures="0" tests="3" name="testingtestngwithmaven.employeeLogin" time="0.010" errors="0" timestamp="14 Mar 2021 17:55:38 GMT" skipped="0">
  <testcase classname="testingtestngwithmaven.employeeLogin" name="accountantProfile" time="0.002"/>
  <testcase classname="testingtestngwithmaven.employeeLogin" name="employeeLogin" time="0.004"/>
  <testcase classname="testingtestngwithmaven.employeeLogin" name="managerLogin" time="0.004"/>
</testsuite> <!-- testingtestngwithmaven.employeeLogin -->
