<?xml version="1.0" encoding="UTF-8"?>
<!-- Generated by org.testng.reporters.JUnitReportReporter -->
<testsuite hostname="DESKTOP-6ED9IH0" failures="0" tests="3" name="testingtestngwithmaven.employeeLogin" time="0.002" errors="0" timestamp="06 Apr 2021 01:36:46 GMT" skipped="0">
  <testcase classname="testingtestngwithmaven.employeeLogin" name="managerLogin" time="0.000"/>
  <testcase classname="testingtestngwithmaven.employeeLogin" name="employeeLogin" time="0.002"/>
  <testcase classname="testingtestngwithmaven.employeeLogin" name="accountantProfile" time="0.000"/>
</testsuite> <!-- testingtestngwithmaven.employeeLogin -->
