<?xml version="1.0" encoding="UTF-8"?>
<!-- Generated by org.testng.reporters.JUnitReportReporter -->
<testsuite hostname="DESKTOP-6ED9IH0" failures="0" tests="2" name="testingtestngwithmaven.salary" time="0.011" errors="0" timestamp="06 Apr 2021 01:36:46 GMT" skipped="0">
  <testcase classname="testingtestngwithmaven.salary" name="employeeSalary" time="0.010"/>
  <testcase classname="testingtestngwithmaven.salary" name="managerSalary" time="0.001"/>
</testsuite> <!-- testingtestngwithmaven.salary -->
