<?xml version="1.0" encoding="UTF-8"?>
<!-- Generated by org.testng.reporters.JUnitReportReporter -->
<testsuite hostname="DESKTOP-6ED9IH0" failures="0" tests="2" name="testingtestngwithmaven.profiles" time="0.000" errors="0" timestamp="06 Apr 2021 01:36:46 GMT" skipped="0">
  <testcase classname="testingtestngwithmaven.profiles" name="employeeProfile" time="0.000"/>
  <testcase classname="testingtestngwithmaven.profiles" name="managerProfile" time="0.000"/>
</testsuite> <!-- testingtestngwithmaven.profiles -->
